<?xml version="1.0" encoding="UTF-8"?>
<!-- Generated by org.testng.reporters.JUnitXMLReporter -->
<testsuite ignored="2" hostname="DESKTOP-I0C21EG" failures="0" tests="3" name="Test" time="0.062" errors="0" timestamp="2023-07-13T11:36:29 IST">
  <testcase classname="sampleProject.GroupingDemo" name="Car3" time="0.007"/>
  <testcase classname="sampleProject.GroupingDemo" name="Car4" time="0.002"/>
  <testcase classname="sampleProject.GroupingDemo" name="Car5" time="0.002"/>
  <testcase classname="sampleProject.GroupingDemo" name="Car1" time="0.0">
    <ignored/>
  </testcase> <!-- Car1 -->
  <testcase classname="sampleProject.GroupingDemo" name="Car2" time="0.0">
    <ignored/>
  </testcase> <!-- Car2 -->
</testsuite> <!-- Test -->
