<?xml version="1.0" encoding="UTF-8"?>
<testng-results ignored="0" total="1" passed="1" failed="0" skipped="0">
  <reporter-output>
  </reporter-output>
  <suite started-at="2023-07-13T17:28:01 IST" name="Default suite" finished-at="2023-07-13T17:28:14 IST" duration-ms="13282">
    <groups>
    </groups>
    <test started-at="2023-07-13T17:28:01 IST" name="Default test" finished-at="2023-07-13T17:28:14 IST" duration-ms="13282">
      <class name="sampleProject.RedBus">
        <test-method is-config="true" signature="setUp()[pri:0, instance:sampleProject.RedBus@3e27ba32]" started-at="2023-07-13T17:28:01 IST" name="setUp" finished-at="2023-07-13T17:28:05 IST" duration-ms="4095" status="PASS">
          <reporter-output>
          </reporter-output>
        </test-method> <!-- setUp -->
        <test-method signature="testBusTicketBooking()[pri:0, instance:sampleProject.RedBus@3e27ba32]" started-at="2023-07-13T17:28:05 IST" name="testBusTicketBooking" finished-at="2023-07-13T17:28:14 IST" duration-ms="9153" status="PASS">
          <reporter-output>
          </reporter-output>
        </test-method> <!-- testBusTicketBooking -->
      </class> <!-- sampleProject.RedBus -->
    </test> <!-- Default test -->
  </suite> <!-- Default suite -->
</testng-results>
